<?xml version="1.0" encoding="UTF-8"?>
<testsuite xmlns:xsi="http://www.w3.org/2001/XMLSchema-instance" xsi:noNamespaceSchemaLocation="https://maven.apache.org/surefire/maven-surefire-plugin/xsd/surefire-test-report-3.0.xsd" version="3.0" name="com.fazpass.javatdv2.FazpassTest" time="1" tests="5" errors="0" skipped="0" failures="0">
  <properties>
[...]
</properties>
  <testcase name="initializeShouldReturnTrustedDeviceWhenParametersAreValid" classname="com.fazpass.javatdv2.FazpassTest" time="0.953"/>
  <testcase name="initializeShouldThrowWhenPrivateKeyIsEmpty" classname="com.fazpass.javatdv2.FazpassTest" time="0.009"/>
  <testcase name="initializeShouldThrowWhenPrivateKeyIsNull" classname="com.fazpass.javatdv2.FazpassTest" time="0.001"/>
  <testcase name="initializeShouldThrowWhenBaseUrlIsEmpty" classname="com.fazpass.javatdv2.FazpassTest" time="0.001"/>
  <testcase name="initializeShouldThrowWhenBaseUrlIsNull" classname="com.fazpass.javatdv2.FazpassTest" time="0.001"/>
</testsuite>